<?xml version="1.0" encoding="UTF-8"?>
<!-- Generated by org.testng.reporters.JUnitXMLReporter -->
<testsuite ignored="0" hostname="Ravis-MacBook-Air.local" failures="0" tests="3" name="OpencartTest" time="49.382" errors="0" timestamp="2023-07-21T15:14:10 IST">
  <testcase classname="testCases.TC_001_AccountRegistrationTest" name="test_account_Resgistration" time="10.348"/>
  <testcase classname="testCases.TC_002_LoginTest" name="login_test" time="3.065"/>
  <testcase classname="testCases.TC_004_SearchProductTest" name="test_pruductSearch" time="1.835"/>
</testsuite> <!-- OpencartTest -->
