<?xml version="1.0" encoding="UTF-8"?>
<testng-results ignored="0" total="1" passed="1" failed="0" skipped="0">
  <reporter-output>
  </reporter-output>
  <suite started-at="2023-07-15T15:00:16 IST" name="OpencartSuite" finished-at="2023-07-15T15:00:22 IST" duration-ms="6374">
    <groups>
      <group name="Master">
        <method signature="TC_002_LoginTest.login_test()[pri:0, instance:testCases.TC_002_LoginTest@72a7c7e0]" name="login_test" class="testCases.TC_002_LoginTest"/>
      </group> <!-- Master -->
      <group name="Sanity">
        <method signature="TC_002_LoginTest.login_test()[pri:0, instance:testCases.TC_002_LoginTest@72a7c7e0]" name="login_test" class="testCases.TC_002_LoginTest"/>
      </group> <!-- Sanity -->
    </groups>
    <test started-at="2023-07-15T15:00:16 IST" name="OpencartTest" finished-at="2023-07-15T15:00:22 IST" duration-ms="6374">
      <class name="testCases.TC_002_LoginTest">
        <test-method is-config="true" signature="setUp(java.lang.String)[pri:0, instance:testCases.TC_002_LoginTest@72a7c7e0]" started-at="2023-07-15T15:00:16 IST" name="setUp" finished-at="2023-07-15T15:00:21 IST" duration-ms="5075" status="PASS">
          <params>
            <param index="0">
              <value>
                <![CDATA[edge]]>
              </value>
            </param>
          </params>
          <reporter-output>
          </reporter-output>
        </test-method> <!-- setUp -->
        <test-method signature="login_test()[pri:0, instance:testCases.TC_002_LoginTest@72a7c7e0]" started-at="2023-07-15T15:00:21 IST" name="login_test" finished-at="2023-07-15T15:00:22 IST" duration-ms="1049" status="PASS">
          <reporter-output>
          </reporter-output>
        </test-method> <!-- login_test -->
        <test-method is-config="true" signature="tearDown()[pri:0, instance:testCases.TC_002_LoginTest@72a7c7e0]" started-at="2023-07-15T15:00:22 IST" name="tearDown" finished-at="2023-07-15T15:00:22 IST" duration-ms="140" status="PASS">
          <reporter-output>
          </reporter-output>
        </test-method> <!-- tearDown -->
      </class> <!-- testCases.TC_002_LoginTest -->
    </test> <!-- OpencartTest -->
  </suite> <!-- OpencartSuite -->
</testng-results>
