<?xml version="1.0" encoding="UTF-8"?>
<testng-results ignored="0" total="2" passed="2" failed="0" skipped="0">
  <reporter-output>
  </reporter-output>
  <suite started-at="2023-07-14T19:00:17 IST" name="OpencartSuite" finished-at="2023-07-14T19:01:00 IST" duration-ms="42206">
    <groups>
      <group name="Master">
        <method signature="TC_001_AccountRegistrationTest.test_account_Resgistration()[pri:0, instance:testCases.TC_001_AccountRegistrationTest@cd3fee8]" name="test_account_Resgistration" class="testCases.TC_001_AccountRegistrationTest"/>
        <method signature="TC_002_LoginTest.login_test()[pri:0, instance:testCases.TC_002_LoginTest@70e8f8e]" name="login_test" class="testCases.TC_002_LoginTest"/>
      </group> <!-- Master -->
      <group name="Sanity">
        <method signature="TC_002_LoginTest.login_test()[pri:0, instance:testCases.TC_002_LoginTest@70e8f8e]" name="login_test" class="testCases.TC_002_LoginTest"/>
      </group> <!-- Sanity -->
      <group name="Regression">
        <method signature="TC_001_AccountRegistrationTest.test_account_Resgistration()[pri:0, instance:testCases.TC_001_AccountRegistrationTest@cd3fee8]" name="test_account_Resgistration" class="testCases.TC_001_AccountRegistrationTest"/>
      </group> <!-- Regression -->
    </groups>
    <test started-at="2023-07-14T19:00:17 IST" name="OpencartTest" finished-at="2023-07-14T19:01:00 IST" duration-ms="42206">
      <class name="testCases.TC_001_AccountRegistrationTest">
        <test-method is-config="true" signature="setUp(java.lang.String)[pri:0, instance:testCases.TC_001_AccountRegistrationTest@cd3fee8]" started-at="2023-07-14T19:00:17 IST" name="setUp" finished-at="2023-07-14T19:00:54 IST" duration-ms="36537" status="PASS">
          <params>
            <param index="0">
              <value>
                <![CDATA[edge]]>
              </value>
            </param>
          </params>
          <reporter-output>
          </reporter-output>
        </test-method> <!-- setUp -->
        <test-method signature="test_account_Resgistration()[pri:0, instance:testCases.TC_001_AccountRegistrationTest@cd3fee8]" started-at="2023-07-14T19:00:54 IST" name="test_account_Resgistration" finished-at="2023-07-14T19:00:55 IST" duration-ms="1399" status="PASS">
          <reporter-output>
          </reporter-output>
        </test-method> <!-- test_account_Resgistration -->
        <test-method is-config="true" signature="tearDown()[pri:0, instance:testCases.TC_001_AccountRegistrationTest@cd3fee8]" started-at="2023-07-14T19:00:55 IST" name="tearDown" finished-at="2023-07-14T19:00:55 IST" duration-ms="138" status="PASS">
          <reporter-output>
          </reporter-output>
        </test-method> <!-- tearDown -->
      </class> <!-- testCases.TC_001_AccountRegistrationTest -->
      <class name="testCases.TC_002_LoginTest">
        <test-method is-config="true" signature="setUp(java.lang.String)[pri:0, instance:testCases.TC_002_LoginTest@70e8f8e]" started-at="2023-07-14T19:00:55 IST" name="setUp" finished-at="2023-07-14T19:00:58 IST" duration-ms="2852" status="PASS">
          <params>
            <param index="0">
              <value>
                <![CDATA[edge]]>
              </value>
            </param>
          </params>
          <reporter-output>
          </reporter-output>
        </test-method> <!-- setUp -->
        <test-method signature="login_test()[pri:0, instance:testCases.TC_002_LoginTest@70e8f8e]" started-at="2023-07-14T19:00:58 IST" name="login_test" finished-at="2023-07-14T19:00:59 IST" duration-ms="1022" status="PASS">
          <reporter-output>
          </reporter-output>
        </test-method> <!-- login_test -->
        <test-method is-config="true" signature="tearDown()[pri:0, instance:testCases.TC_002_LoginTest@70e8f8e]" started-at="2023-07-14T19:00:59 IST" name="tearDown" finished-at="2023-07-14T19:01:00 IST" duration-ms="139" status="PASS">
          <reporter-output>
          </reporter-output>
        </test-method> <!-- tearDown -->
      </class> <!-- testCases.TC_002_LoginTest -->
    </test> <!-- OpencartTest -->
  </suite> <!-- OpencartSuite -->
</testng-results>
