<?xml version="1.0" encoding="UTF-8"?>
<testng-results ignored="0" total="3" passed="3" failed="0" skipped="0">
  <reporter-output>
  </reporter-output>
  <suite started-at="2023-07-21T15:12:16 IST" name="OpencartSuite" finished-at="2023-07-21T15:13:04 IST" duration-ms="48070">
    <groups>
      <group name="Master">
        <method signature="TC_001_AccountRegistrationTest.test_account_Resgistration()[pri:0, instance:testCases.TC_001_AccountRegistrationTest@82de64a]" name="test_account_Resgistration" class="testCases.TC_001_AccountRegistrationTest"/>
        <method signature="TC_002_LoginTest.login_test()[pri:0, instance:testCases.TC_002_LoginTest@47d9a273]" name="login_test" class="testCases.TC_002_LoginTest"/>
      </group> <!-- Master -->
      <group name="Sanity">
        <method signature="TC_002_LoginTest.login_test()[pri:0, instance:testCases.TC_002_LoginTest@47d9a273]" name="login_test" class="testCases.TC_002_LoginTest"/>
      </group> <!-- Sanity -->
      <group name="Regression">
        <method signature="TC_001_AccountRegistrationTest.test_account_Resgistration()[pri:0, instance:testCases.TC_001_AccountRegistrationTest@82de64a]" name="test_account_Resgistration" class="testCases.TC_001_AccountRegistrationTest"/>
      </group> <!-- Regression -->
    </groups>
    <test started-at="2023-07-21T15:12:16 IST" name="OpencartTest" finished-at="2023-07-21T15:13:04 IST" duration-ms="48070">
      <class name="testCases.TC_001_AccountRegistrationTest">
        <test-method is-config="true" signature="setUp(java.lang.String)[pri:0, instance:testCases.TC_001_AccountRegistrationTest@82de64a]" started-at="2023-07-21T15:12:17 IST" name="setUp" finished-at="2023-07-21T15:12:33 IST" duration-ms="16450" status="PASS">
          <params>
            <param index="0">
              <value>
                <![CDATA[edge]]>
              </value>
            </param>
          </params>
          <reporter-output>
          </reporter-output>
        </test-method> <!-- setUp -->
        <test-method signature="test_account_Resgistration()[pri:0, instance:testCases.TC_001_AccountRegistrationTest@82de64a]" started-at="2023-07-21T15:12:33 IST" name="test_account_Resgistration" finished-at="2023-07-21T15:12:41 IST" duration-ms="7933" status="PASS">
          <reporter-output>
          </reporter-output>
        </test-method> <!-- test_account_Resgistration -->
        <test-method is-config="true" signature="tearDown()[pri:0, instance:testCases.TC_001_AccountRegistrationTest@82de64a]" started-at="2023-07-21T15:12:41 IST" name="tearDown" finished-at="2023-07-21T15:12:41 IST" duration-ms="163" status="PASS">
          <reporter-output>
          </reporter-output>
        </test-method> <!-- tearDown -->
      </class> <!-- testCases.TC_001_AccountRegistrationTest -->
      <class name="testCases.TC_002_LoginTest">
        <test-method is-config="true" signature="setUp(java.lang.String)[pri:0, instance:testCases.TC_002_LoginTest@47d9a273]" started-at="2023-07-21T15:12:41 IST" name="setUp" finished-at="2023-07-21T15:12:50 IST" duration-ms="8965" status="PASS">
          <params>
            <param index="0">
              <value>
                <![CDATA[edge]]>
              </value>
            </param>
          </params>
          <reporter-output>
          </reporter-output>
        </test-method> <!-- setUp -->
        <test-method signature="login_test()[pri:0, instance:testCases.TC_002_LoginTest@47d9a273]" started-at="2023-07-21T15:12:50 IST" name="login_test" finished-at="2023-07-21T15:12:53 IST" duration-ms="3026" status="PASS">
          <reporter-output>
          </reporter-output>
        </test-method> <!-- login_test -->
        <test-method is-config="true" signature="tearDown()[pri:0, instance:testCases.TC_002_LoginTest@47d9a273]" started-at="2023-07-21T15:12:53 IST" name="tearDown" finished-at="2023-07-21T15:12:53 IST" duration-ms="142" status="PASS">
          <reporter-output>
          </reporter-output>
        </test-method> <!-- tearDown -->
      </class> <!-- testCases.TC_002_LoginTest -->
      <class name="testCases.TC_004_SearchProductTest">
        <test-method is-config="true" signature="setUp(java.lang.String)[pri:0, instance:testCases.TC_004_SearchProductTest@27f981c6]" started-at="2023-07-21T15:12:53 IST" name="setUp" finished-at="2023-07-21T15:13:02 IST" duration-ms="8965" status="PASS">
          <params>
            <param index="0">
              <value>
                <![CDATA[edge]]>
              </value>
            </param>
          </params>
          <reporter-output>
          </reporter-output>
        </test-method> <!-- setUp -->
        <test-method signature="test_pruductSearch()[pri:0, instance:testCases.TC_004_SearchProductTest@27f981c6]" started-at="2023-07-21T15:13:02 IST" name="test_pruductSearch" finished-at="2023-07-21T15:13:04 IST" duration-ms="1948" status="PASS">
          <reporter-output>
          </reporter-output>
        </test-method> <!-- test_pruductSearch -->
        <test-method is-config="true" signature="tearDown()[pri:0, instance:testCases.TC_004_SearchProductTest@27f981c6]" started-at="2023-07-21T15:13:04 IST" name="tearDown" finished-at="2023-07-21T15:13:04 IST" duration-ms="138" status="PASS">
          <reporter-output>
          </reporter-output>
        </test-method> <!-- tearDown -->
      </class> <!-- testCases.TC_004_SearchProductTest -->
    </test> <!-- OpencartTest -->
  </suite> <!-- OpencartSuite -->
</testng-results>
