<?xml version="1.0" encoding="UTF-8"?>
<!-- Generated by org.testng.reporters.JUnitXMLReporter -->
<testsuite ignored="0" hostname="Ravis-MacBook-Air.local" failures="0" tests="3" name="OpencartTest" time="48.07" errors="0" timestamp="2023-07-21T15:13:04 IST">
  <testcase classname="testCases.TC_001_AccountRegistrationTest" name="test_account_Resgistration" time="7.933"/>
  <testcase classname="testCases.TC_002_LoginTest" name="login_test" time="3.026"/>
  <testcase classname="testCases.TC_004_SearchProductTest" name="test_pruductSearch" time="1.948"/>
</testsuite> <!-- OpencartTest -->
